<?xml version="1.0" encoding="UTF-8"?>
<testng-results ignored="0" total="2" passed="2" failed="0" skipped="0">
  <reporter-output>
  </reporter-output>
  <suite started-at="2026-05-16T08:46:28 IST" name="Suite" finished-at="2026-05-16T08:46:40 IST" duration-ms="12852">
    <groups>
    </groups>
    <test started-at="2026-05-16T08:46:28 IST" name="Test" finished-at="2026-05-16T08:46:40 IST" duration-ms="12852">
      <class name="com.qa.test.HomeTest">
        <test-method signature="homeTest(java.lang.String)[pri:1, instance:com.qa.test.HomeTest@708f5957]" started-at="2026-05-16T08:46:28 IST" name="homeTest" finished-at="2026-05-16T08:46:35 IST" duration-ms="7489" status="PASS">
          <params>
            <param index="0">
              <value>
                <![CDATA[chrome]]>
              </value>
            </param>
          </params>
          <reporter-output>
          </reporter-output>
        </test-method> <!-- homeTest -->
        <test-method signature="searchitem()[pri:2, instance:com.qa.test.HomeTest@708f5957]" started-at="2026-05-16T08:46:35 IST" name="searchitem" finished-at="2026-05-16T08:46:40 IST" duration-ms="5323" status="PASS">
          <reporter-output>
          </reporter-output>
        </test-method> <!-- searchitem -->
      </class> <!-- com.qa.test.HomeTest -->
    </test> <!-- Test -->
  </suite> <!-- Suite -->
</testng-results>
