<?xml version="1.0" encoding="UTF-8"?>
<testng-results ignored="0" total="2" passed="2" failed="0" skipped="0">
  <reporter-output>
  </reporter-output>
  <suite started-at="2026-05-07T07:53:27 IST" name="Suite" finished-at="2026-05-07T07:53:43 IST" duration-ms="15375">
    <groups>
    </groups>
    <test started-at="2026-05-07T07:53:27 IST" name="Test" finished-at="2026-05-07T07:53:43 IST" duration-ms="15375">
      <class name="com.qa.test.HomeTest">
        <test-method signature="homeTest()[pri:1, instance:com.qa.test.HomeTest@6a192cfe]" started-at="2026-05-07T07:53:27 IST" name="homeTest" finished-at="2026-05-07T07:53:37 IST" duration-ms="9307" status="PASS">
          <reporter-output>
          </reporter-output>
        </test-method> <!-- homeTest -->
        <test-method signature="searchitem()[pri:2, instance:com.qa.test.HomeTest@6a192cfe]" started-at="2026-05-07T07:53:37 IST" name="searchitem" finished-at="2026-05-07T07:53:43 IST" duration-ms="6000" status="PASS">
          <reporter-output>
          </reporter-output>
        </test-method> <!-- searchitem -->
      </class> <!-- com.qa.test.HomeTest -->
    </test> <!-- Test -->
  </suite> <!-- Suite -->
</testng-results>
